[0m10:57:51.695571 [debug] [MainThread]: Sending event: {'category': 'dbt', 'action': 'invocation', 'label': 'start', 'context': [<snowplow_tracker.self_describing_json.SelfDescribingJson object at 0x000001DED17075E0>, <snowplow_tracker.self_describing_json.SelfDescribingJson object at 0x000001DED3C394B0>, <snowplow_tracker.self_describing_json.SelfDescribingJson object at 0x000001DED3C39690>]}


============================== 10:57:51.721645 | 9f5622c9-e695-4d6c-ba90-840217820f5d ==============================
[0m10:57:51.721645 [info ] [MainThread]: Running with dbt=1.5.0
[0m10:57:51.723612 [debug] [MainThread]: running dbt with arguments {'printer_width': '80', 'indirect_selection': 'eager', 'write_json': 'True', 'log_cache_events': 'False', 'partial_parse': 'True', 'cache_selected_only': 'False', 'profiles_dir': 'C:\\Users\\alba.nemethbuhin\\Projects\\dbtCourse', 'debug': 'False', 'warn_error': 'None', 'log_path': 'logs', 'version_check': 'True', 'fail_fast': 'False', 'use_colors': 'True', 'use_experimental_parser': 'False', 'no_print': 'None', 'quiet': 'False', 'log_format': 'default', 'static_parser': 'True', 'introspect': 'True', 'warn_error_options': 'WarnErrorOptions(include=[], exclude=[])', 'target_path': 'None', 'send_anonymous_usage_stats': 'True'}
[0m10:58:03.291838 [debug] [MainThread]: Starter project path: C:\Users\alba.nemethbuhin\Projects\dbtCourse\venv\lib\site-packages\dbt\include\starter_project
[0m10:59:03.450628 [info ] [MainThread]: 
Your new dbt project "learn_dbt" was created!

For more information on how to configure the profiles.yml file,
please consult the dbt documentation here:

  https://docs.getdbt.com/docs/configure-your-profile

One more thing:

Need help? Don't hesitate to reach out to us via GitHub issues or on Slack:

  https://community.getdbt.com/

Happy modeling!

[0m10:59:03.456632 [debug] [MainThread]: Command `dbt init` succeeded at 10:59:03.455632 after 72.08 seconds
[0m10:59:03.457633 [debug] [MainThread]: Sending event: {'category': 'dbt', 'action': 'invocation', 'label': 'end', 'context': [<snowplow_tracker.self_describing_json.SelfDescribingJson object at 0x000001DED17075E0>, <snowplow_tracker.self_describing_json.SelfDescribingJson object at 0x000001DECEC328F0>, <snowplow_tracker.self_describing_json.SelfDescribingJson object at 0x000001DED1DA8640>]}
[0m10:59:03.458636 [debug] [MainThread]: Flushing usage events
[0m11:13:03.667897 [debug] [MainThread]: Sending event: {'category': 'dbt', 'action': 'invocation', 'label': 'start', 'context': [<snowplow_tracker.self_describing_json.SelfDescribingJson object at 0x000001624F71E6E0>, <snowplow_tracker.self_describing_json.SelfDescribingJson object at 0x000001625192FC70>, <snowplow_tracker.self_describing_json.SelfDescribingJson object at 0x000001625192FA30>]}


============================== 11:13:03.689227 | 617b17a1-3274-4dbd-86d3-d1e49c1daf61 ==============================
[0m11:13:03.689227 [info ] [MainThread]: Running with dbt=1.5.0
[0m11:13:03.691129 [debug] [MainThread]: running dbt with arguments {'printer_width': '80', 'indirect_selection': 'eager', 'write_json': 'True', 'log_cache_events': 'False', 'partial_parse': 'True', 'cache_selected_only': 'False', 'profiles_dir': 'C:\\Users\\alba.nemethbuhin\\Projects\\dbtCourse', 'version_check': 'True', 'debug': 'False', 'log_path': 'logs', 'warn_error': 'None', 'fail_fast': 'False', 'use_colors': 'True', 'use_experimental_parser': 'False', 'no_print': 'None', 'quiet': 'False', 'log_format': 'default', 'introspect': 'True', 'warn_error_options': 'WarnErrorOptions(include=[], exclude=[])', 'static_parser': 'True', 'target_path': 'None', 'send_anonymous_usage_stats': 'True'}
[0m11:13:03.692113 [warn ] [MainThread]: [OpenCommand]: Unable to parse dict {'open_cmd': 'start', 'profiles_dir': WindowsPath('C:/Users/alba.nemethbuhin/Projects/dbtCourse')}
[0m11:13:03.695122 [info ] [MainThread]: To view your profiles.yml file, run:

 
[0m11:13:03.703898 [debug] [MainThread]: Command `dbt debug` succeeded at 11:13:03.703898 after 0.37 seconds
[0m11:13:03.704883 [debug] [MainThread]: Sending event: {'category': 'dbt', 'action': 'invocation', 'label': 'end', 'context': [<snowplow_tracker.self_describing_json.SelfDescribingJson object at 0x000001624F71E6E0>, <snowplow_tracker.self_describing_json.SelfDescribingJson object at 0x000001625192F9D0>, <snowplow_tracker.self_describing_json.SelfDescribingJson object at 0x000001625192FB20>]}
[0m11:13:03.707897 [debug] [MainThread]: Flushing usage events
[0m11:26:14.260618 [debug] [MainThread]: Sending event: {'category': 'dbt', 'action': 'invocation', 'label': 'start', 'context': [<snowplow_tracker.self_describing_json.SelfDescribingJson object at 0x0000025BCE21E710>, <snowplow_tracker.self_describing_json.SelfDescribingJson object at 0x0000025BD033FCA0>, <snowplow_tracker.self_describing_json.SelfDescribingJson object at 0x0000025BD033FA60>]}


============================== 11:26:14.283261 | d7b57c6d-2f13-453b-816e-8ebde984d76c ==============================
[0m11:26:14.283261 [info ] [MainThread]: Running with dbt=1.5.0
[0m11:26:14.286204 [debug] [MainThread]: running dbt with arguments {'printer_width': '80', 'indirect_selection': 'eager', 'log_cache_events': 'False', 'write_json': 'True', 'partial_parse': 'True', 'cache_selected_only': 'False', 'profiles_dir': 'C:\\Users\\alba.nemethbuhin\\Projects\\dbtCourse', 'fail_fast': 'False', 'version_check': 'True', 'log_path': 'logs', 'warn_error': 'None', 'debug': 'False', 'use_colors': 'True', 'use_experimental_parser': 'False', 'no_print': 'None', 'quiet': 'False', 'log_format': 'default', 'introspect': 'True', 'static_parser': 'True', 'warn_error_options': 'WarnErrorOptions(include=[], exclude=[])', 'target_path': 'None', 'send_anonymous_usage_stats': 'True'}
[0m11:26:14.287194 [info ] [MainThread]: dbt version: 1.5.0
[0m11:26:14.289193 [info ] [MainThread]: python version: 3.10.10
[0m11:26:14.292192 [info ] [MainThread]: python path: C:\Users\alba.nemethbuhin\Projects\dbtCourse\venv\Scripts\python.exe
[0m11:26:14.297191 [info ] [MainThread]: os info: Windows-10-10.0.22000-SP0
[0m11:26:14.301190 [info ] [MainThread]: Using profiles.yml file at C:\Users\alba.nemethbuhin\Projects\dbtCourse\profiles.yml
[0m11:26:14.303190 [info ] [MainThread]: Using dbt_project.yml file at C:\Users\alba.nemethbuhin\Projects\dbtCourse\dbt_project.yml
[0m11:26:14.305106 [info ] [MainThread]: Configuration:
[0m11:26:15.507756 [info ] [MainThread]:   profiles.yml file [[32mOK found and valid[0m]
[0m11:26:15.510847 [info ] [MainThread]:   dbt_project.yml file [[31mERROR not found[0m]
[0m11:26:15.512260 [info ] [MainThread]: Required dependencies:
[0m11:26:15.514761 [debug] [MainThread]: Executing "git --help"
[0m11:26:16.177645 [debug] [MainThread]: STDOUT: "b"usage: git [-v | --version] [-h | --help] [-C <path>] [-c <name>=<value>]\n           [--exec-path[=<path>]] [--html-path] [--man-path] [--info-path]\n           [-p | --paginate | -P | --no-pager] [--no-replace-objects] [--bare]\n           [--git-dir=<path>] [--work-tree=<path>] [--namespace=<name>]\n           [--super-prefix=<path>] [--config-env=<name>=<envvar>]\n           <command> [<args>]\n\nThese are common Git commands used in various situations:\n\nstart a working area (see also: git help tutorial)\n   clone     Clone a repository into a new directory\n   init      Create an empty Git repository or reinitialize an existing one\n\nwork on the current change (see also: git help everyday)\n   add       Add file contents to the index\n   mv        Move or rename a file, a directory, or a symlink\n   restore   Restore working tree files\n   rm        Remove files from the working tree and from the index\n\nexamine the history and state (see also: git help revisions)\n   bisect    Use binary search to find the commit that introduced a bug\n   diff      Show changes between commits, commit and working tree, etc\n   grep      Print lines matching a pattern\n   log       Show commit logs\n   show      Show various types of objects\n   status    Show the working tree status\n\ngrow, mark and tweak your common history\n   branch    List, create, or delete branches\n   commit    Record changes to the repository\n   merge     Join two or more development histories together\n   rebase    Reapply commits on top of another base tip\n   reset     Reset current HEAD to the specified state\n   switch    Switch branches\n   tag       Create, list, delete or verify a tag object signed with GPG\n\ncollaborate (see also: git help workflows)\n   fetch     Download objects and refs from another repository\n   pull      Fetch from and integrate with another repository or a local branch\n   push      Update remote refs along with associated objects\n\n'git help -a' and 'git help -g' list available subcommands and some\nconcept guides. See 'git help <command>' or 'git help <concept>'\nto read about a specific subcommand or concept.\nSee 'git help git' for an overview of the system.\n""
[0m11:26:16.178672 [debug] [MainThread]: STDERR: "b''"
[0m11:26:16.179669 [info ] [MainThread]:  - git [[32mOK found[0m]

[0m11:26:16.182646 [info ] [MainThread]: Connection:
[0m11:26:16.184724 [info ] [MainThread]:   account: xe64398.ca-central-1
[0m11:26:16.186647 [info ] [MainThread]:   user: dbt_user
[0m11:26:16.190653 [info ] [MainThread]:   database: analytics
[0m11:26:16.193652 [info ] [MainThread]:   schema: dbt
[0m11:26:16.197212 [info ] [MainThread]:   warehouse: dbt_wh
[0m11:26:16.201241 [info ] [MainThread]:   role: dbt_role
[0m11:26:16.203232 [info ] [MainThread]:   client_session_keep_alive: False
[0m11:26:16.205228 [info ] [MainThread]:   query_tag: None
[0m11:26:16.207228 [debug] [MainThread]: Acquiring new snowflake connection 'debug'
[0m11:26:16.209230 [debug] [MainThread]: Using snowflake connection "debug"
[0m11:26:16.210235 [debug] [MainThread]: On debug: select 1 as id
[0m11:26:16.212229 [debug] [MainThread]: Opening a new connection, currently in state init
[0m11:26:25.645130 [debug] [MainThread]: Snowflake adapter: Error running SQL: select 1 as id
[0m11:26:25.648129 [debug] [MainThread]: Snowflake adapter: Rolling back transaction.
[0m11:26:25.649149 [debug] [MainThread]: On debug: No close available on handle
[0m11:26:25.651129 [info ] [MainThread]:   Connection test: [[31mERROR[0m]

[0m11:26:25.653132 [info ] [MainThread]: [31m2 checks failed:[0m
[0m11:26:25.655255 [info ] [MainThread]: Could not load dbt_project.yml

[0m11:26:25.657265 [info ] [MainThread]: dbt was unable to connect to the specified database.
The database returned the following error:

  >Database Error
  250001: Could not connect to Snowflake backend after 0 attempt(s).Aborting

Check your database credentials and try again. For more information, visit:
https://docs.getdbt.com/docs/configure-your-profile


[0m11:26:25.678055 [debug] [MainThread]: Command `dbt debug` failed at 11:26:25.677070 after 11.74 seconds
[0m11:26:25.680106 [debug] [MainThread]: Connection 'debug' was properly closed.
[0m11:26:25.683070 [debug] [MainThread]: Sending event: {'category': 'dbt', 'action': 'invocation', 'label': 'end', 'context': [<snowplow_tracker.self_describing_json.SelfDescribingJson object at 0x0000025BCE21E710>, <snowplow_tracker.self_describing_json.SelfDescribingJson object at 0x0000025BD0C8B5B0>, <snowplow_tracker.self_describing_json.SelfDescribingJson object at 0x0000025BD0C88610>]}
[0m11:26:25.685154 [debug] [MainThread]: Flushing usage events
[0m15:23:40.569606 [debug] [MainThread]: Sending event: {'category': 'dbt', 'action': 'invocation', 'label': 'start', 'context': [<snowplow_tracker.self_describing_json.SelfDescribingJson object at 0x00000166B5D98A00>, <snowplow_tracker.self_describing_json.SelfDescribingJson object at 0x00000166B80FBFD0>, <snowplow_tracker.self_describing_json.SelfDescribingJson object at 0x00000166B8168340>]}


============================== 15:23:40.686406 | 96f299b3-49a2-49c7-a046-9e725a8e861e ==============================
[0m15:23:40.686406 [info ] [MainThread]: Running with dbt=1.5.0
[0m15:23:40.692491 [debug] [MainThread]: running dbt with arguments {'printer_width': '80', 'indirect_selection': 'eager', 'write_json': 'True', 'log_cache_events': 'False', 'partial_parse': 'True', 'cache_selected_only': 'False', 'warn_error': 'None', 'debug': 'False', 'profiles_dir': 'C:\\Users\\alba.nemethbuhin\\Projects\\dbtCourse', 'log_path': 'logs', 'fail_fast': 'False', 'version_check': 'True', 'use_colors': 'True', 'use_experimental_parser': 'False', 'no_print': 'None', 'quiet': 'False', 'warn_error_options': 'WarnErrorOptions(include=[], exclude=[])', 'introspect': 'True', 'static_parser': 'True', 'log_format': 'default', 'target_path': 'None', 'send_anonymous_usage_stats': 'True'}
[0m15:23:40.697484 [error] [MainThread]: Encountered an error:
Runtime Error
  No dbt_project.yml found at expected path C:\Users\alba.nemethbuhin\Projects\dbtCourse\dbt_project.yml
  Verify that each entry within packages.yml (and their transitive dependencies) contains a file named dbt_project.yml
  
[0m15:23:40.717617 [debug] [MainThread]: Command `dbt run` failed at 15:23:40.717617 after 0.62 seconds
[0m15:23:40.722736 [debug] [MainThread]: Sending event: {'category': 'dbt', 'action': 'invocation', 'label': 'end', 'context': [<snowplow_tracker.self_describing_json.SelfDescribingJson object at 0x00000166B5D98A00>, <snowplow_tracker.self_describing_json.SelfDescribingJson object at 0x00000166B80FB460>, <snowplow_tracker.self_describing_json.SelfDescribingJson object at 0x00000166B80FB580>]}
[0m15:23:40.726769 [debug] [MainThread]: Flushing usage events
[0m14:58:13.278557 [debug] [MainThread]: Sending event: {'category': 'dbt', 'action': 'invocation', 'label': 'start', 'context': [<snowplow_tracker.self_describing_json.SelfDescribingJson object at 0x000001F8E5A989D0>, <snowplow_tracker.self_describing_json.SelfDescribingJson object at 0x000001F8E7CDB5E0>, <snowplow_tracker.self_describing_json.SelfDescribingJson object at 0x000001F8E7CDBB50>]}


============================== 14:58:13.334617 | dde1ab11-dfe6-43a6-b4d4-2947349bd3dd ==============================
[0m14:58:13.334617 [info ] [MainThread]: Running with dbt=1.5.0
[0m14:58:13.337889 [debug] [MainThread]: running dbt with arguments {'printer_width': '80', 'indirect_selection': 'eager', 'log_cache_events': 'False', 'write_json': 'True', 'partial_parse': 'True', 'cache_selected_only': 'False', 'warn_error': 'None', 'version_check': 'True', 'fail_fast': 'False', 'log_path': 'logs', 'profiles_dir': '../.', 'debug': 'False', 'use_colors': 'True', 'use_experimental_parser': 'False', 'no_print': 'None', 'quiet': 'False', 'warn_error_options': 'WarnErrorOptions(include=[], exclude=[])', 'static_parser': 'True', 'introspect': 'True', 'log_format': 'default', 'target_path': 'None', 'send_anonymous_usage_stats': 'True'}
[0m14:58:13.341871 [error] [MainThread]: Encountered an error:
Runtime Error
  No dbt_project.yml found at expected path C:\Users\alba.nemethbuhin\Projects\dbtCourse\dbt_project.yml
  Verify that each entry within packages.yml (and their transitive dependencies) contains a file named dbt_project.yml
  
[0m14:58:13.350373 [debug] [MainThread]: Command `dbt run` failed at 14:58:13.350373 after 1.48 seconds
[0m14:58:13.352373 [debug] [MainThread]: Sending event: {'category': 'dbt', 'action': 'invocation', 'label': 'end', 'context': [<snowplow_tracker.self_describing_json.SelfDescribingJson object at 0x000001F8E5A989D0>, <snowplow_tracker.self_describing_json.SelfDescribingJson object at 0x000001F8E7CDBB20>, <snowplow_tracker.self_describing_json.SelfDescribingJson object at 0x000001F8E7CDB4F0>]}
[0m14:58:13.357169 [debug] [MainThread]: Flushing usage events
